<?xml version="1.0" encoding="UTF-8"?>
<robot generator="Robot 3.1.2 (Python 3.8.1 on win32)" generated="20200127 10:28:16.209" rpa="false">
<suite id="s1" name="Tags" source="C:\Users\Trinath\eclipse-workspace\RobotFrameworkPython\test\Tags.robot">
<test id="s1-t1" name="First Test">
<kw name="Log" library="BuiltIn">
<doc>Logs the given message with the given level.</doc>
<arguments>
<arg>Test 1</arg>
</arguments>
<msg timestamp="20200127 10:28:17.006" level="INFO">Test 1</msg>
<status status="PASS" starttime="20200127 10:28:17.005" endtime="20200127 10:28:17.006"></status>
</kw>
<tags>
<tag>sanity</tag>
</tags>
<status status="PASS" starttime="20200127 10:28:17.003" endtime="20200127 10:28:17.008" critical="yes"></status>
</test>
<test id="s1-t2" name="Third Test">
<kw name="Log" library="BuiltIn">
<doc>Logs the given message with the given level.</doc>
<arguments>
<arg>Test 3</arg>
</arguments>
<msg timestamp="20200127 10:28:17.016" level="INFO">Test 3</msg>
<status status="PASS" starttime="20200127 10:28:17.016" endtime="20200127 10:28:17.017"></status>
</kw>
<tags>
<tag>sanity</tag>
</tags>
<status status="PASS" starttime="20200127 10:28:17.012" endtime="20200127 10:28:17.019" critical="yes"></status>
</test>
<test id="s1-t3" name="Fourth Test">
<kw name="Log" library="BuiltIn">
<doc>Logs the given message with the given level.</doc>
<arguments>
<arg>Test 4</arg>
</arguments>
<msg timestamp="20200127 10:28:17.026" level="INFO">Test 4</msg>
<status status="PASS" starttime="20200127 10:28:17.025" endtime="20200127 10:28:17.026"></status>
</kw>
<kw name="Set Tags" library="BuiltIn">
<doc>Adds given ``tags`` for the current test or all tests in a suite.</doc>
<arguments>
<arg>Regression1</arg>
</arguments>
<msg timestamp="20200127 10:28:17.030" level="INFO">Set tag 'Regression1'.</msg>
<status status="PASS" starttime="20200127 10:28:17.029" endtime="20200127 10:28:17.030"></status>
</kw>
<kw name="Remove Tags" library="BuiltIn">
<doc>Removes given ``tags`` from the current test or all tests in a suite.</doc>
<arguments>
<arg>Regression1</arg>
</arguments>
<msg timestamp="20200127 10:28:17.033" level="INFO">Removed tag 'Regression1'.</msg>
<status status="PASS" starttime="20200127 10:28:17.032" endtime="20200127 10:28:17.034"></status>
</kw>
<tags>
<tag>sanity</tag>
</tags>
<status status="PASS" starttime="20200127 10:28:17.022" endtime="20200127 10:28:17.035" critical="yes"></status>
</test>
<test id="s1-t4" name="Fifth Test">
<kw name="Set Tags" library="BuiltIn">
<doc>Adds given ``tags`` for the current test or all tests in a suite.</doc>
<arguments>
<arg>Regression2</arg>
</arguments>
<msg timestamp="20200127 10:28:17.043" level="INFO">Set tag 'Regression2'.</msg>
<status status="PASS" starttime="20200127 10:28:17.042" endtime="20200127 10:28:17.043"></status>
</kw>
<kw name="Log" library="BuiltIn">
<doc>Logs the given message with the given level.</doc>
<arguments>
<arg>Test 5</arg>
</arguments>
<msg timestamp="20200127 10:28:17.045" level="INFO">Test 5</msg>
<status status="PASS" starttime="20200127 10:28:17.044" endtime="20200127 10:28:17.045"></status>
</kw>
<tags>
<tag>Regression2</tag>
<tag>sanity</tag>
</tags>
<status status="PASS" starttime="20200127 10:28:17.038" endtime="20200127 10:28:17.046" critical="yes"></status>
</test>
<status status="PASS" starttime="20200127 10:28:16.216" endtime="20200127 10:28:17.051"></status>
</suite>
<statistics>
<total>
<stat pass="4" fail="0">Critical Tests</stat>
<stat pass="4" fail="0">All Tests</stat>
</total>
<tag>
<stat pass="1" fail="0">Regression2</stat>
<stat pass="4" fail="0">sanity</stat>
</tag>
<suite>
<stat pass="4" fail="0" id="s1" name="Tags">Tags</stat>
</suite>
</statistics>
<errors>
</errors>
</robot>
